<?xml version="1.0" encoding="UTF-8"?>
<!-- Generated by org.testng.reporters.JUnitXMLReporter -->
<testsuite ignored="0" hostname="LAPTOP-MQOGNGUE" failures="0" tests="10" name="Test" time="99.372" errors="0" timestamp="2023-11-09T01:28:48 IST">
  <testcase classname="com.orangehrm.testng.FirstTestNGTest" name="firsttest" time="0.017"/>
  <testcase classname="com.orangehrm.testng.AnnotationsTest2" name="test1" time="0.006"/>
  <testcase classname="com.orangehrm.testng.AnnotationsTest2" name="test2" time="0.005"/>
  <testcase classname="com.orangehrm.testng.AnnotationsTest1" name="test1" time="0.002"/>
  <testcase classname="com.orangehrm.testng.AnnotationsTest1" name="test2" time="0.006"/>
  <testcase classname="com.orangehrm.testng.MultipleTestNGTest" name="add" time="0.004"/>
  <testcase classname="com.orangehrm.testng.MultipleTestNGTest" name="div" time="0.006"/>
  <testcase classname="com.orangehrm.testng.MultipleTestNGTest" name="mul" time="0.004"/>
  <testcase classname="com.orangehrm.testng.MultipleTestNGTest" name="sub" time="0.006"/>
  <testcase classname="com.orangehrm.testng.AdminLoginTest" name="adminLogin" time="99.026"/>
</testsuite> <!-- Test -->
