<?xml version="1.0" encoding="UTF-8"?>
<testng-results ignored="0" total="10" passed="10" failed="0" skipped="0">
  <reporter-output>
  </reporter-output>
  <suite started-at="2023-11-09T01:27:08 IST" name="Suite" finished-at="2023-11-09T01:28:48 IST" duration-ms="99372">
    <groups>
    </groups>
    <test started-at="2023-11-09T01:27:08 IST" name="Test" finished-at="2023-11-09T01:28:48 IST" duration-ms="99372">
      <class name="com.orangehrm.testng.AdminLoginTest">
        <test-method signature="adminLogin()[pri:0, instance:com.orangehrm.testng.AdminLoginTest@2a65fe7c]" started-at="2023-11-09T01:27:09 IST" name="adminLogin" finished-at="2023-11-09T01:28:48 IST" duration-ms="99026" status="PASS">
          <reporter-output>
          </reporter-output>
        </test-method> <!-- adminLogin -->
      </class> <!-- com.orangehrm.testng.AdminLoginTest -->
      <class name="com.orangehrm.testng.FirstTestNGTest">
        <test-method signature="firsttest()[pri:0, instance:com.orangehrm.testng.FirstTestNGTest@49ec71f8]" started-at="2023-11-09T01:27:09 IST" name="firsttest" finished-at="2023-11-09T01:27:09 IST" duration-ms="17" status="PASS">
          <reporter-output>
          </reporter-output>
        </test-method> <!-- firsttest -->
      </class> <!-- com.orangehrm.testng.FirstTestNGTest -->
      <class name="com.orangehrm.testng.MultipleTestNGTest">
        <test-method signature="add()[pri:0, instance:com.orangehrm.testng.MultipleTestNGTest@4562e04d]" started-at="2023-11-09T01:27:09 IST" name="add" finished-at="2023-11-09T01:27:09 IST" duration-ms="4" status="PASS">
          <reporter-output>
          </reporter-output>
        </test-method> <!-- add -->
        <test-method signature="div()[pri:0, instance:com.orangehrm.testng.MultipleTestNGTest@4562e04d]" started-at="2023-11-09T01:27:09 IST" name="div" finished-at="2023-11-09T01:27:09 IST" duration-ms="6" status="PASS">
          <reporter-output>
          </reporter-output>
        </test-method> <!-- div -->
        <test-method signature="mul()[pri:0, instance:com.orangehrm.testng.MultipleTestNGTest@4562e04d]" started-at="2023-11-09T01:27:09 IST" name="mul" finished-at="2023-11-09T01:27:09 IST" depends-on-methods="com.orangehrm.testng.MultipleTestNGTest.div" duration-ms="4" status="PASS">
          <reporter-output>
          </reporter-output>
        </test-method> <!-- mul -->
        <test-method signature="sub()[pri:0, instance:com.orangehrm.testng.MultipleTestNGTest@4562e04d]" started-at="2023-11-09T01:27:09 IST" name="sub" finished-at="2023-11-09T01:27:09 IST" depends-on-methods="com.orangehrm.testng.MultipleTestNGTest.add" duration-ms="6" status="PASS">
          <reporter-output>
          </reporter-output>
        </test-method> <!-- sub -->
      </class> <!-- com.orangehrm.testng.MultipleTestNGTest -->
      <class name="com.orangehrm.testng.AnnotationsTest2">
        <test-method is-config="true" signature="beforeMethod()[pri:0, instance:com.orangehrm.testng.AnnotationsTest2@4c371370]" started-at="2023-11-09T01:27:08 IST" name="beforeMethod" finished-at="2023-11-09T01:27:08 IST" duration-ms="36" status="PASS">
          <reporter-output>
          </reporter-output>
        </test-method> <!-- beforeMethod -->
        <test-method signature="test1()[pri:0, instance:com.orangehrm.testng.AnnotationsTest2@4c371370]" started-at="2023-11-09T01:27:09 IST" name="test1" finished-at="2023-11-09T01:27:09 IST" duration-ms="6" status="PASS">
          <reporter-output>
          </reporter-output>
        </test-method> <!-- test1 -->
        <test-method signature="test2()[pri:0, instance:com.orangehrm.testng.AnnotationsTest2@4c371370]" started-at="2023-11-09T01:27:09 IST" name="test2" finished-at="2023-11-09T01:27:09 IST" duration-ms="5" status="PASS">
          <reporter-output>
          </reporter-output>
        </test-method> <!-- test2 -->
        <test-method is-config="true" signature="afterMethod()[pri:0, instance:com.orangehrm.testng.AnnotationsTest2@4c371370]" started-at="2023-11-09T01:28:48 IST" name="afterMethod" finished-at="2023-11-09T01:28:48 IST" duration-ms="2" status="PASS">
          <reporter-output>
          </reporter-output>
        </test-method> <!-- afterMethod -->
      </class> <!-- com.orangehrm.testng.AnnotationsTest2 -->
      <class name="com.orangehrm.testng.AnnotationsTest1">
        <test-method is-config="true" signature="beforeMethod()[pri:0, instance:com.orangehrm.testng.AnnotationsTest1@145f66e3]" started-at="2023-11-09T01:27:09 IST" name="beforeMethod" finished-at="2023-11-09T01:27:09 IST" duration-ms="2" status="PASS">
          <reporter-output>
          </reporter-output>
        </test-method> <!-- beforeMethod -->
        <test-method signature="test1()[pri:0, instance:com.orangehrm.testng.AnnotationsTest1@145f66e3]" started-at="2023-11-09T01:27:09 IST" name="test1" finished-at="2023-11-09T01:27:09 IST" duration-ms="2" status="PASS">
          <reporter-output>
          </reporter-output>
        </test-method> <!-- test1 -->
        <test-method is-config="true" signature="afterMethod()[pri:0, instance:com.orangehrm.testng.AnnotationsTest1@145f66e3]" started-at="2023-11-09T01:27:09 IST" name="afterMethod" finished-at="2023-11-09T01:27:09 IST" duration-ms="2" status="PASS">
          <reporter-output>
          </reporter-output>
        </test-method> <!-- afterMethod -->
        <test-method is-config="true" signature="beforeMethod()[pri:0, instance:com.orangehrm.testng.AnnotationsTest1@145f66e3]" started-at="2023-11-09T01:27:09 IST" name="beforeMethod" finished-at="2023-11-09T01:27:09 IST" duration-ms="0" status="PASS">
          <reporter-output>
          </reporter-output>
        </test-method> <!-- beforeMethod -->
        <test-method signature="test2()[pri:0, instance:com.orangehrm.testng.AnnotationsTest1@145f66e3]" started-at="2023-11-09T01:27:09 IST" name="test2" finished-at="2023-11-09T01:27:09 IST" duration-ms="6" status="PASS">
          <reporter-output>
          </reporter-output>
        </test-method> <!-- test2 -->
        <test-method is-config="true" signature="afterMethod()[pri:0, instance:com.orangehrm.testng.AnnotationsTest1@145f66e3]" started-at="2023-11-09T01:27:09 IST" name="afterMethod" finished-at="2023-11-09T01:27:09 IST" duration-ms="1" status="PASS">
          <reporter-output>
          </reporter-output>
        </test-method> <!-- afterMethod -->
      </class> <!-- com.orangehrm.testng.AnnotationsTest1 -->
    </test> <!-- Test -->
  </suite> <!-- Suite -->
</testng-results>
